  lab11.4.cpp
D:\lab11.4\lab11.4\lab11.4.cpp(23,21): warning C4566: character represented by universal-character-name '\u0412' cannot be represented in the current code page (1252)
D:\lab11.4\lab11.4\lab11.4.cpp(23,21): warning C4566: character represented by universal-character-name '\u0432' cannot be represented in the current code page (1252)
D:\lab11.4\lab11.4\lab11.4.cpp(23,21): warning C4566: character represented by universal-character-name '\u0435' cannot be represented in the current code page (1252)
D:\lab11.4\lab11.4\lab11.4.cpp(23,21): warning C4566: character represented by universal-character-name '\u0434' cannot be represented in the current code page (1252)
D:\lab11.4\lab11.4\lab11.4.cpp(23,21): warning C4566: character represented by universal-character-name '\u0456' cannot be represented in the current code page (1252)
D:\lab11.4\lab11.4\lab11.4.cpp(23,21): warning C4566: character represented by universal-character-name '\u0442' cannot be represented in the current code page (1252)
D:\lab11.4\lab11.4\lab11.4.cpp(23,21): warning C4566: character represented by universal-character-name '\u044C' cannot be represented in the current code page (1252)
D:\lab11.4\lab11.4\lab11.4.cpp(23,21): warning C4566: character represented by universal-character-name '\u043C' cannot be represented in the current code page (1252)
D:\lab11.4\lab11.4\lab11.4.cpp(23,21): warning C4566: character represented by universal-character-name '\u044F' cannot be represented in the current code page (1252)
D:\lab11.4\lab11.4\lab11.4.cpp(23,21): warning C4566: character represented by universal-character-name '\u0445' cannot be represented in the current code page (1252)
D:\lab11.4\lab11.4\lab11.4.cpp(23,21): warning C4566: character represented by universal-character-name '\u043D' cannot be represented in the current code page (1252)
D:\lab11.4\lab11.4\lab11.4.cpp(23,21): warning C4566: character represented by universal-character-name '\u043E' cannot be represented in the current code page (1252)
D:\lab11.4\lab11.4\lab11.4.cpp(23,21): warning C4566: character represented by universal-character-name '\u0433' cannot be represented in the current code page (1252)
D:\lab11.4\lab11.4\lab11.4.cpp(23,21): warning C4566: character represented by universal-character-name '\u0444' cannot be represented in the current code page (1252)
D:\lab11.4\lab11.4\lab11.4.cpp(23,21): warning C4566: character represented by universal-character-name '\u0430' cannot be represented in the current code page (1252)
D:\lab11.4\lab11.4\lab11.4.cpp(23,21): warning C4566: character represented by universal-character-name '\u0439' cannot be represented in the current code page (1252)
D:\lab11.4\lab11.4\lab11.4.cpp(23,21): warning C4566: character represented by universal-character-name '\u043B' cannot be represented in the current code page (1252)
D:\lab11.4\lab11.4\lab11.4.cpp(23,21): warning C4566: character represented by universal-character-name '\u0443' cannot be represented in the current code page (1252)
D:\lab11.4\lab11.4\lab11.4.cpp(25,21): warning C4566: character represented by universal-character-name '\u0412' cannot be represented in the current code page (1252)
D:\lab11.4\lab11.4\lab11.4.cpp(25,21): warning C4566: character represented by universal-character-name '\u0432' cannot be represented in the current code page (1252)
D:\lab11.4\lab11.4\lab11.4.cpp(25,21): warning C4566: character represented by universal-character-name '\u0435' cannot be represented in the current code page (1252)
D:\lab11.4\lab11.4\lab11.4.cpp(25,21): warning C4566: character represented by universal-character-name '\u0434' cannot be represented in the current code page (1252)
D:\lab11.4\lab11.4\lab11.4.cpp(25,21): warning C4566: character represented by universal-character-name '\u0456' cannot be represented in the current code page (1252)
D:\lab11.4\lab11.4\lab11.4.cpp(25,21): warning C4566: character represented by universal-character-name '\u0442' cannot be represented in the current code page (1252)
D:\lab11.4\lab11.4\lab11.4.cpp(25,21): warning C4566: character represented by universal-character-name '\u044C' cannot be represented in the current code page (1252)
D:\lab11.4\lab11.4\lab11.4.cpp(25,21): warning C4566: character represented by universal-character-name '\u043C' cannot be represented in the current code page (1252)
D:\lab11.4\lab11.4\lab11.4.cpp(25,21): warning C4566: character represented by universal-character-name '\u044F' cannot be represented in the current code page (1252)
D:\lab11.4\lab11.4\lab11.4.cpp(25,21): warning C4566: character represented by universal-character-name '\u0438' cannot be represented in the current code page (1252)
D:\lab11.4\lab11.4\lab11.4.cpp(25,21): warning C4566: character represented by universal-character-name '\u0445' cannot be represented in the current code page (1252)
D:\lab11.4\lab11.4\lab11.4.cpp(25,21): warning C4566: character represented by universal-character-name '\u043D' cannot be represented in the current code page (1252)
D:\lab11.4\lab11.4\lab11.4.cpp(25,21): warning C4566: character represented by universal-character-name '\u043E' cannot be represented in the current code page (1252)
D:\lab11.4\lab11.4\lab11.4.cpp(25,21): warning C4566: character represented by universal-character-name '\u0433' cannot be represented in the current code page (1252)
D:\lab11.4\lab11.4\lab11.4.cpp(25,21): warning C4566: character represented by universal-character-name '\u0444' cannot be represented in the current code page (1252)
D:\lab11.4\lab11.4\lab11.4.cpp(25,21): warning C4566: character represented by universal-character-name '\u0430' cannot be represented in the current code page (1252)
D:\lab11.4\lab11.4\lab11.4.cpp(25,21): warning C4566: character represented by universal-character-name '\u0439' cannot be represented in the current code page (1252)
D:\lab11.4\lab11.4\lab11.4.cpp(25,21): warning C4566: character represented by universal-character-name '\u043B' cannot be represented in the current code page (1252)
D:\lab11.4\lab11.4\lab11.4.cpp(25,21): warning C4566: character represented by universal-character-name '\u0443' cannot be represented in the current code page (1252)
D:\lab11.4\lab11.4\lab11.4.cpp(29,25): warning C4566: character represented by universal-character-name '\u0424' cannot be represented in the current code page (1252)
D:\lab11.4\lab11.4\lab11.4.cpp(29,25): warning C4566: character represented by universal-character-name '\u0430' cannot be represented in the current code page (1252)
D:\lab11.4\lab11.4\lab11.4.cpp(29,25): warning C4566: character represented by universal-character-name '\u0439' cannot be represented in the current code page (1252)
D:\lab11.4\lab11.4\lab11.4.cpp(29,25): warning C4566: character represented by universal-character-name '\u043B' cannot be represented in the current code page (1252)
D:\lab11.4\lab11.4\lab11.4.cpp(29,25): warning C4566: character represented by universal-character-name '\u0443' cannot be represented in the current code page (1252)
D:\lab11.4\lab11.4\lab11.4.cpp(29,25): warning C4566: character represented by universal-character-name '\u0441' cannot be represented in the current code page (1252)
D:\lab11.4\lab11.4\lab11.4.cpp(29,25): warning C4566: character represented by universal-character-name '\u043F' cannot be represented in the current code page (1252)
D:\lab11.4\lab11.4\lab11.4.cpp(29,25): warning C4566: character represented by universal-character-name '\u0456' cannot be represented in the current code page (1252)
D:\lab11.4\lab11.4\lab11.4.cpp(29,25): warning C4566: character represented by universal-character-name '\u0448' cannot be represented in the current code page (1252)
D:\lab11.4\lab11.4\lab11.4.cpp(29,25): warning C4566: character represented by universal-character-name '\u043D' cannot be represented in the current code page (1252)
D:\lab11.4\lab11.4\lab11.4.cpp(29,25): warning C4566: character represented by universal-character-name '\u043E' cannot be represented in the current code page (1252)
D:\lab11.4\lab11.4\lab11.4.cpp(29,25): warning C4566: character represented by universal-character-name '\u0442' cannot be represented in the current code page (1252)
D:\lab11.4\lab11.4\lab11.4.cpp(29,25): warning C4566: character represented by universal-character-name '\u0432' cannot be represented in the current code page (1252)
D:\lab11.4\lab11.4\lab11.4.cpp(29,25): warning C4566: character represented by universal-character-name '\u0440' cannot be represented in the current code page (1252)
D:\lab11.4\lab11.4\lab11.4.cpp(29,25): warning C4566: character represented by universal-character-name '\u0435' cannot be represented in the current code page (1252)
D:\lab11.4\lab11.4\lab11.4.cpp(32,25): warning C4566: character represented by universal-character-name '\u041F' cannot be represented in the current code page (1252)
D:\lab11.4\lab11.4\lab11.4.cpp(32,25): warning C4566: character represented by universal-character-name '\u043E' cannot be represented in the current code page (1252)
D:\lab11.4\lab11.4\lab11.4.cpp(32,25): warning C4566: character represented by universal-character-name '\u043C' cannot be represented in the current code page (1252)
D:\lab11.4\lab11.4\lab11.4.cpp(32,25): warning C4566: character represented by universal-character-name '\u0438' cannot be represented in the current code page (1252)
D:\lab11.4\lab11.4\lab11.4.cpp(32,25): warning C4566: character represented by universal-character-name '\u043B' cannot be represented in the current code page (1252)
D:\lab11.4\lab11.4\lab11.4.cpp(32,25): warning C4566: character represented by universal-character-name '\u043A' cannot be represented in the current code page (1252)
D:\lab11.4\lab11.4\lab11.4.cpp(32,25): warning C4566: character represented by universal-character-name '\u0430' cannot be represented in the current code page (1252)
D:\lab11.4\lab11.4\lab11.4.cpp(32,25): warning C4566: character represented by universal-character-name '\u043F' cannot be represented in the current code page (1252)
D:\lab11.4\lab11.4\lab11.4.cpp(32,25): warning C4566: character represented by universal-character-name '\u0440' cannot be represented in the current code page (1252)
D:\lab11.4\lab11.4\lab11.4.cpp(32,25): warning C4566: character represented by universal-character-name '\u0441' cannot be represented in the current code page (1252)
D:\lab11.4\lab11.4\lab11.4.cpp(32,25): warning C4566: character represented by universal-character-name '\u0442' cannot be represented in the current code page (1252)
D:\lab11.4\lab11.4\lab11.4.cpp(32,25): warning C4566: character represented by universal-character-name '\u0432' cannot be represented in the current code page (1252)
D:\lab11.4\lab11.4\lab11.4.cpp(32,25): warning C4566: character represented by universal-character-name '\u0435' cannot be represented in the current code page (1252)
D:\lab11.4\lab11.4\lab11.4.cpp(32,25): warning C4566: character represented by universal-character-name '\u043D' cannot be represented in the current code page (1252)
D:\lab11.4\lab11.4\lab11.4.cpp(32,25): warning C4566: character represented by universal-character-name '\u0456' cannot be represented in the current code page (1252)
D:\lab11.4\lab11.4\lab11.4.cpp(32,25): warning C4566: character represented by universal-character-name '\u0444' cannot be represented in the current code page (1252)
D:\lab11.4\lab11.4\lab11.4.cpp(32,25): warning C4566: character represented by universal-character-name '\u0439' cannot be represented in the current code page (1252)
D:\lab11.4\lab11.4\lab11.4.cpp(32,25): warning C4566: character represented by universal-character-name '\u0443' cannot be represented in the current code page (1252)
D:\lab11.4\lab11.4\lab11.4.cpp(39,21): warning C4566: character represented by universal-character-name '\u041D' cannot be represented in the current code page (1252)
D:\lab11.4\lab11.4\lab11.4.cpp(39,21): warning C4566: character represented by universal-character-name '\u0435' cannot be represented in the current code page (1252)
D:\lab11.4\lab11.4\lab11.4.cpp(39,21): warning C4566: character represented by universal-character-name '\u0432' cannot be represented in the current code page (1252)
D:\lab11.4\lab11.4\lab11.4.cpp(39,21): warning C4566: character represented by universal-character-name '\u0456' cannot be represented in the current code page (1252)
D:\lab11.4\lab11.4\lab11.4.cpp(39,21): warning C4566: character represented by universal-character-name '\u0440' cannot be represented in the current code page (1252)
D:\lab11.4\lab11.4\lab11.4.cpp(39,21): warning C4566: character represented by universal-character-name '\u043D' cannot be represented in the current code page (1252)
D:\lab11.4\lab11.4\lab11.4.cpp(39,21): warning C4566: character represented by universal-character-name '\u0438' cannot be represented in the current code page (1252)
D:\lab11.4\lab11.4\lab11.4.cpp(39,21): warning C4566: character represented by universal-character-name '\u0439' cannot be represented in the current code page (1252)
D:\lab11.4\lab11.4\lab11.4.cpp(39,21): warning C4566: character represented by universal-character-name '\u0431' cannot be represented in the current code page (1252)
D:\lab11.4\lab11.4\lab11.4.cpp(39,21): warning C4566: character represented by universal-character-name '\u0421' cannot be represented in the current code page (1252)
D:\lab11.4\lab11.4\lab11.4.cpp(39,21): warning C4566: character represented by universal-character-name '\u043F' cannot be represented in the current code page (1252)
D:\lab11.4\lab11.4\lab11.4.cpp(39,21): warning C4566: character represented by universal-character-name '\u043E' cannot be represented in the current code page (1252)
D:\lab11.4\lab11.4\lab11.4.cpp(39,21): warning C4566: character represented by universal-character-name '\u0443' cannot be represented in the current code page (1252)
D:\lab11.4\lab11.4\lab11.4.cpp(39,21): warning C4566: character represented by universal-character-name '\u0442' cannot be represented in the current code page (1252)
D:\lab11.4\lab11.4\lab11.4.cpp(39,21): warning C4566: character represented by universal-character-name '\u0449' cannot be represented in the current code page (1252)
D:\lab11.4\lab11.4\lab11.4.cpp(39,21): warning C4566: character represented by universal-character-name '\u0430' cannot be represented in the current code page (1252)
D:\lab11.4\lab11.4\lab11.4.cpp(39,21): warning C4566: character represented by universal-character-name '\u0437' cannot be represented in the current code page (1252)
D:\lab11.4\lab11.4\lab11.4.cpp(46,13): warning C4566: character represented by universal-character-name '\u041C' cannot be represented in the current code page (1252)
D:\lab11.4\lab11.4\lab11.4.cpp(46,13): warning C4566: character represented by universal-character-name '\u0415' cannot be represented in the current code page (1252)
D:\lab11.4\lab11.4\lab11.4.cpp(46,13): warning C4566: character represented by universal-character-name '\u041D' cannot be represented in the current code page (1252)
D:\lab11.4\lab11.4\lab11.4.cpp(46,13): warning C4566: character represented by universal-character-name '\u042E' cannot be represented in the current code page (1252)
D:\lab11.4\lab11.4\lab11.4.cpp(47,13): warning C4566: character represented by universal-character-name '\u041E' cannot be represented in the current code page (1252)
D:\lab11.4\lab11.4\lab11.4.cpp(47,13): warning C4566: character represented by universal-character-name '\u0431' cannot be represented in the current code page (1252)
D:\lab11.4\lab11.4\lab11.4.cpp(47,13): warning C4566: character represented by universal-character-name '\u0440' cannot be represented in the current code page (1252)
D:\lab11.4\lab11.4\lab11.4.cpp(47,13): warning C4566: character represented by universal-character-name '\u043E' cannot be represented in the current code page (1252)
D:\lab11.4\lab11.4\lab11.4.cpp(47,13): warning C4566: character represented by universal-character-name '\u0438' cannot be represented in the current code page (1252)
D:\lab11.4\lab11.4\lab11.4.cpp(47,13): warning C4566: character represented by universal-character-name '\u0442' cannot be represented in the current code page (1252)
D:\lab11.4\lab11.4\lab11.4.cpp(47,13): warning C4566: character represented by universal-character-name '\u0444' cannot be represented in the current code page (1252)
D:\lab11.4\lab11.4\lab11.4.cpp(47,13): warning C4566: character represented by universal-character-name '\u0430' cannot be represented in the current code page (1252)
D:\lab11.4\lab11.4\lab11.4.cpp(47,13): warning C4566: character represented by universal-character-name '\u0439' cannot be represented in the current code page (1252)
D:\lab11.4\lab11.4\lab11.4.cpp(47,13): warning C4566: character represented by universal-character-name '\u043B' cannot be represented in the current code page (1252)
D:\lab11.4\lab11.4\lab11.4.cpp(48,13): warning C4566: character represented by universal-character-name '\u0412' cannot be represented in the current code page (1252)
D:\lab11.4\lab11.4\lab11.4.cpp(48,13): warning C4566: character represented by universal-character-name '\u0438' cannot be represented in the current code page (1252)
D:\lab11.4\lab11.4\lab11.4.cpp(48,13): warning C4566: character represented by universal-character-name '\u0439' cannot be represented in the current code page (1252)
D:\lab11.4\lab11.4\lab11.4.cpp(48,13): warning C4566: character represented by universal-character-name '\u0442' cannot be represented in the current code page (1252)
D:\lab11.4\lab11.4\lab11.4.cpp(49,13): warning C4566: character represented by universal-character-name '\u0412' cannot be represented in the current code page (1252)
D:\lab11.4\lab11.4\lab11.4.cpp(49,13): warning C4566: character represented by universal-character-name '\u0430' cannot be represented in the current code page (1252)
D:\lab11.4\lab11.4\lab11.4.cpp(49,13): warning C4566: character represented by universal-character-name '\u0448' cannot be represented in the current code page (1252)
D:\lab11.4\lab11.4\lab11.4.cpp(49,13): warning C4566: character represented by universal-character-name '\u0432' cannot be represented in the current code page (1252)
D:\lab11.4\lab11.4\lab11.4.cpp(49,13): warning C4566: character represented by universal-character-name '\u0438' cannot be represented in the current code page (1252)
D:\lab11.4\lab11.4\lab11.4.cpp(49,13): warning C4566: character represented by universal-character-name '\u0431' cannot be represented in the current code page (1252)
D:\lab11.4\lab11.4\lab11.4.cpp(49,13): warning C4566: character represented by universal-character-name '\u0456' cannot be represented in the current code page (1252)
D:\lab11.4\lab11.4\lab11.4.cpp(49,13): warning C4566: character represented by universal-character-name '\u0440' cannot be represented in the current code page (1252)
D:\lab11.4\lab11.4\lab11.4.cpp(55,17): warning C4566: character represented by universal-character-name '\u041F' cannot be represented in the current code page (1252)
D:\lab11.4\lab11.4\lab11.4.cpp(55,17): warning C4566: character represented by universal-character-name '\u043E' cannot be represented in the current code page (1252)
D:\lab11.4\lab11.4\lab11.4.cpp(55,17): warning C4566: character represented by universal-character-name '\u043C' cannot be represented in the current code page (1252)
D:\lab11.4\lab11.4\lab11.4.cpp(55,17): warning C4566: character represented by universal-character-name '\u0438' cannot be represented in the current code page (1252)
D:\lab11.4\lab11.4\lab11.4.cpp(55,17): warning C4566: character represented by universal-character-name '\u043B' cannot be represented in the current code page (1252)
D:\lab11.4\lab11.4\lab11.4.cpp(55,17): warning C4566: character represented by universal-character-name '\u043A' cannot be represented in the current code page (1252)
D:\lab11.4\lab11.4\lab11.4.cpp(55,17): warning C4566: character represented by universal-character-name '\u0430' cannot be represented in the current code page (1252)
D:\lab11.4\lab11.4\lab11.4.cpp(55,17): warning C4566: character represented by universal-character-name '\u043D' cannot be represented in the current code page (1252)
D:\lab11.4\lab11.4\lab11.4.cpp(55,17): warning C4566: character represented by universal-character-name '\u0435' cannot be represented in the current code page (1252)
D:\lab11.4\lab11.4\lab11.4.cpp(55,17): warning C4566: character represented by universal-character-name '\u0432' cannot be represented in the current code page (1252)
D:\lab11.4\lab11.4\lab11.4.cpp(55,17): warning C4566: character represented by universal-character-name '\u0434' cannot be represented in the current code page (1252)
D:\lab11.4\lab11.4\lab11.4.cpp(55,17): warning C4566: character represented by universal-character-name '\u0441' cannot be represented in the current code page (1252)
D:\lab11.4\lab11.4\lab11.4.cpp(55,17): warning C4566: character represented by universal-character-name '\u044F' cannot be represented in the current code page (1252)
D:\lab11.4\lab11.4\lab11.4.cpp(55,17): warning C4566: character represented by universal-character-name '\u0456' cannot be represented in the current code page (1252)
D:\lab11.4\lab11.4\lab11.4.cpp(55,17): warning C4566: character represented by universal-character-name '\u0440' cannot be represented in the current code page (1252)
D:\lab11.4\lab11.4\lab11.4.cpp(55,17): warning C4566: character represented by universal-character-name '\u0442' cannot be represented in the current code page (1252)
D:\lab11.4\lab11.4\lab11.4.cpp(55,17): warning C4566: character represented by universal-character-name '\u0444' cannot be represented in the current code page (1252)
D:\lab11.4\lab11.4\lab11.4.cpp(55,17): warning C4566: character represented by universal-character-name '\u0439' cannot be represented in the current code page (1252)
D:\lab11.4\lab11.4\lab11.4.cpp(90,17): warning C4566: character represented by universal-character-name '\u041F' cannot be represented in the current code page (1252)
D:\lab11.4\lab11.4\lab11.4.cpp(90,17): warning C4566: character represented by universal-character-name '\u043E' cannot be represented in the current code page (1252)
D:\lab11.4\lab11.4\lab11.4.cpp(90,17): warning C4566: character represented by universal-character-name '\u043C' cannot be represented in the current code page (1252)
D:\lab11.4\lab11.4\lab11.4.cpp(90,17): warning C4566: character represented by universal-character-name '\u0438' cannot be represented in the current code page (1252)
D:\lab11.4\lab11.4\lab11.4.cpp(90,17): warning C4566: character represented by universal-character-name '\u043B' cannot be represented in the current code page (1252)
D:\lab11.4\lab11.4\lab11.4.cpp(90,17): warning C4566: character represented by universal-character-name '\u043A' cannot be represented in the current code page (1252)
D:\lab11.4\lab11.4\lab11.4.cpp(90,17): warning C4566: character represented by universal-character-name '\u0430' cannot be represented in the current code page (1252)
D:\lab11.4\lab11.4\lab11.4.cpp(90,17): warning C4566: character represented by universal-character-name '\u043D' cannot be represented in the current code page (1252)
D:\lab11.4\lab11.4\lab11.4.cpp(90,17): warning C4566: character represented by universal-character-name '\u0435' cannot be represented in the current code page (1252)
D:\lab11.4\lab11.4\lab11.4.cpp(90,17): warning C4566: character represented by universal-character-name '\u0432' cannot be represented in the current code page (1252)
D:\lab11.4\lab11.4\lab11.4.cpp(90,17): warning C4566: character represented by universal-character-name '\u0434' cannot be represented in the current code page (1252)
D:\lab11.4\lab11.4\lab11.4.cpp(90,17): warning C4566: character represented by universal-character-name '\u0441' cannot be represented in the current code page (1252)
D:\lab11.4\lab11.4\lab11.4.cpp(90,17): warning C4566: character represented by universal-character-name '\u044F' cannot be represented in the current code page (1252)
D:\lab11.4\lab11.4\lab11.4.cpp(90,17): warning C4566: character represented by universal-character-name '\u0442' cannot be represented in the current code page (1252)
D:\lab11.4\lab11.4\lab11.4.cpp(90,17): warning C4566: character represented by universal-character-name '\u0440' cannot be represented in the current code page (1252)
D:\lab11.4\lab11.4\lab11.4.cpp(90,17): warning C4566: character represented by universal-character-name '\u0444' cannot be represented in the current code page (1252)
D:\lab11.4\lab11.4\lab11.4.cpp(90,17): warning C4566: character represented by universal-character-name '\u0439' cannot be represented in the current code page (1252)
  lab11.4.vcxproj -> D:\lab11.4\x64\Debug\lab11.4.exe
